<?xml version="1.0" encoding="UTF-8"?>
<testsuite name="pft.addressbook.tests.GroupCreationTests" tests="1" skipped="0" failures="0" errors="0" timestamp="2019-07-08T19:44:33" hostname="Alinchik" time="9.224">
  <properties/>
  <testcase name="testGroupCreation[0](GroupData{id='0', name='test 0'})" classname="pft.addressbook.tests.GroupCreationTests" time="9.224"/>
  <system-out><![CDATA[]]></system-out>
  <system-err><![CDATA[Security framework of XStream not initialized, XStream is probably vulnerable.
]]></system-err>
</testsuite>
