<?xml version="1.0" encoding="UTF-8"?>
<testsuite name="pft.addressbook.tests.GroupModificationTests" tests="1" skipped="0" failures="0" errors="0" timestamp="2019-07-08T19:44:45" hostname="Alinchik" time="6.216">
  <properties/>
  <testcase name="testGroupModification" classname="pft.addressbook.tests.GroupModificationTests" time="6.216"/>
  <system-out><![CDATA[]]></system-out>
  <system-err><![CDATA[]]></system-err>
</testsuite>
