<?xml version="1.0" encoding="UTF-8"?>
<testsuite name="pft.addressbook.tests.GroupDeletionTests" tests="1" skipped="0" failures="0" errors="0" timestamp="2019-07-08T19:44:54" hostname="Alinchik" time="5.185">
  <properties/>
  <testcase name="testGroupDeletion" classname="pft.addressbook.tests.GroupDeletionTests" time="5.185"/>
  <system-out><![CDATA[]]></system-out>
  <system-err><![CDATA[]]></system-err>
</testsuite>
