<?xml version="1.0" encoding="UTF-8"?>
<testsuite name="pft.addressbook.tests.ContactCreationTests" tests="1" skipped="0" failures="0" errors="0" timestamp="2019-07-09T17:47:11" hostname="Alinchik" time="22.967">
  <properties/>
  <testcase name="testContactCreation[0](ContactData{firstname='firstname 0', lastname='lastname 0'})" classname="pft.addressbook.tests.ContactCreationTests" time="22.967"/>
  <system-out><![CDATA[]]></system-out>
  <system-err><![CDATA[Security framework of XStream not initialized, XStream is probably vulnerable.
]]></system-err>
</testsuite>
